Assuming unrestricted shared filesystem usage.
host: chimi
Building DAG of jobs...
Using shell: /usr/bin/bash
Provided cores: 5
Rules claiming more threads will be scaled down.
Job stats:
job                          count
-------------------------  -------
adjacency_matrix                 2
all                              1
calc_spearman_correlation        2
total                            5

Select jobs to execute...
Failed to solve scheduling problem with ILP solver, falling back to greedy scheduler. You likely have to fix your ILP solver installation. Error message: PULP_CBC_CMD: Not Available (check permissions on cbc)
Execute 2 jobs...
[Fri Nov 21 16:28:56 2025]
localrule calc_spearman_correlation:
    input: results/gene_wise/expr/FBgn0031081_1stquin_expr.csv, results/gene_wise/expr/FBgn0031081_5thquin_expr.csv
    output: results/gene_wise/spearman/FBgn0031081_1stquin_spearman.csv, results/gene_wise/spearman/FBgn0031081_5thquin_spearman.csv
    jobid: 1
    reason: Code has changed since last execution
    wildcards: gene=FBgn0031081
    resources: tmpdir=/tmp
[Fri Nov 21 16:28:56 2025]
localrule calc_spearman_correlation:
    input: results/gene_wise/expr/FBgn0031080_1stquin_expr.csv, results/gene_wise/expr/FBgn0031080_5thquin_expr.csv
    output: results/gene_wise/spearman/FBgn0031080_1stquin_spearman.csv, results/gene_wise/spearman/FBgn0031080_5thquin_spearman.csv
    jobid: 3
    reason: Code has changed since last execution
    wildcards: gene=FBgn0031080
    resources: tmpdir=/tmp
[Fri Nov 21 18:17:57 2025]
Finished jobid: 1 (Rule: calc_spearman_correlation)
1 of 5 steps (20%) done
Select jobs to execute...
Execute 1 jobs...
[Fri Nov 21 18:17:57 2025]
localrule adjacency_matrix:
    input: results/gene_wise/spearman/FBgn0031081_1stquin_spearman.csv, results/gene_wise/spearman/FBgn0031081_5thquin_spearman.csv
    output: results/gene_wise/adjacency/FBgn0031081_1stquin_st_adjacency.csv, results/gene_wise/adjacency/FBgn0031081_5thquin_st_adjacency.csv
    jobid: 5
    reason: Missing output files: results/gene_wise/adjacency/FBgn0031081_5thquin_st_adjacency.csv, results/gene_wise/adjacency/FBgn0031081_1stquin_st_adjacency.csv; Input files updated by another job: results/gene_wise/spearman/FBgn0031081_1stquin_spearman.csv, results/gene_wise/spearman/FBgn0031081_5thquin_spearman.csv
    wildcards: gene=FBgn0031081
    resources: tmpdir=/tmp
Waiting at most 5 seconds for missing files:
results/gene_wise/adjacency/FBgn0031081_1stquin_st_adjacency.csv (missing locally)
results/gene_wise/adjacency/FBgn0031081_5thquin_st_adjacency.csv (missing locally)
MissingOutputException in rule adjacency_matrix in file "/tmp/global2/gthornes/dronetanalysis/src/pipelines/Snakemake_template", line 112:
Job 5  completed successfully, but some output files are missing. Missing files after 5 seconds. This might be due to filesystem latency. If that is the case, consider to increase the wait time with --latency-wait:
results/gene_wise/adjacency/FBgn0031081_1stquin_st_adjacency.csv (missing locally, parent dir contents: binary_matrix, soft_threshold)
results/gene_wise/adjacency/FBgn0031081_5thquin_st_adjacency.csv (missing locally, parent dir contents: binary_matrix, soft_threshold)
[Fri Nov 21 18:33:17 2025]
Finished jobid: 3 (Rule: calc_spearman_correlation)
2 of 5 steps (40%) done
Shutting down, this might take some time.
Exiting because a job execution failed. Look below for error messages
[Fri Nov 21 18:33:17 2025]
Error in rule adjacency_matrix:
    message: None
    jobid: 5
    input: results/gene_wise/spearman/FBgn0031081_1stquin_spearman.csv, results/gene_wise/spearman/FBgn0031081_5thquin_spearman.csv
    output: results/gene_wise/adjacency/FBgn0031081_1stquin_st_adjacency.csv, results/gene_wise/adjacency/FBgn0031081_5thquin_st_adjacency.csv
    shell:
        
        Rscript src/scripts/soft_threshold/adjacency_matrix.R             --input results/gene_wise/spearman/FBgn0031081_1stquin_spearman.csv             --output-dir results/gene_wise/adjacency &&         Rscript src/scripts/soft_threshold/adjacency_matrix.R             --input results/gene_wise/spearman/FBgn0031081_5thquin_spearman.csv             --output-dir results/gene_wise/adjacency         
        (command exited with non-zero exit code)
Complete log(s): /tmp/global2/gthornes/dronetanalysis/.snakemake/log/2025-11-21T162856.281858.snakemake.log
WorkflowError:
At least one job did not complete successfully.
