Assuming unrestricted shared filesystem usage.
host: chimi
Building DAG of jobs...
Using shell: /usr/bin/bash
Provided cores: 5
Rules claiming more threads will be scaled down.
Job stats:
job                 count
----------------  -------
adjacency_matrix        2
all                     1
create_network          2
total                   5

Select jobs to execute...
Failed to solve scheduling problem with ILP solver, falling back to greedy scheduler. You likely have to fix your ILP solver installation. Error message: PULP_CBC_CMD: Not Available (check permissions on cbc)
Execute 2 jobs...
[Mon Nov 24 15:54:12 2025]
localrule adjacency_matrix:
    input: results/gene_wise/spearman/FBgn0031080_1stquin_spearman.csv, results/gene_wise/spearman/FBgn0031080_5thquin_spearman.csv
    output: results/gene_wise/adjacency/FBgn0031080_1stquin_st_adjacency.csv, results/gene_wise/adjacency/FBgn0031080_5thquin_st_adjacency.csv
    jobid: 6
    reason: Missing output files: results/gene_wise/adjacency/FBgn0031080_1stquin_st_adjacency.csv, results/gene_wise/adjacency/FBgn0031080_5thquin_st_adjacency.csv
    wildcards: gene=FBgn0031080
    resources: tmpdir=/tmp
[Mon Nov 24 15:54:12 2025]
localrule adjacency_matrix:
    input: results/gene_wise/spearman/FBgn0031081_1stquin_spearman.csv, results/gene_wise/spearman/FBgn0031081_5thquin_spearman.csv
    output: results/gene_wise/adjacency/FBgn0031081_1stquin_st_adjacency.csv, results/gene_wise/adjacency/FBgn0031081_5thquin_st_adjacency.csv
    jobid: 5
    reason: Missing output files: results/gene_wise/adjacency/FBgn0031081_1stquin_st_adjacency.csv, results/gene_wise/adjacency/FBgn0031081_5thquin_st_adjacency.csv; Code has changed since last execution
    wildcards: gene=FBgn0031081
    resources: tmpdir=/tmp
[Mon Nov 24 16:05:03 2025]
Finished jobid: 6 (Rule: adjacency_matrix)
1 of 5 steps (20%) done
Select jobs to execute...
Execute 1 jobs...
[Mon Nov 24 16:05:03 2025]
localrule create_network:
    input: results/gene_wise/adjacency/FBgn0031080_1stquin_st_adjacency.csv, results/gene_wise/adjacency/FBgn0031080_5thquin_st_adjacency.csv
    output: results/gene_wise/modules/FBgn0031080_1stquin_tom.csv, results/gene_wise/modules/FBgn0031080_5thquin_tom.csv
    jobid: 8
    reason: Missing output files: results/gene_wise/modules/FBgn0031080_1stquin_tom.csv, results/gene_wise/modules/FBgn0031080_5thquin_tom.csv; Input files updated by another job: results/gene_wise/adjacency/FBgn0031080_1stquin_st_adjacency.csv, results/gene_wise/adjacency/FBgn0031080_5thquin_st_adjacency.csv
    wildcards: gene=FBgn0031080
    resources: tmpdir=/tmp
[Mon Nov 24 16:05:06 2025]
Finished jobid: 5 (Rule: adjacency_matrix)
2 of 5 steps (40%) done
Select jobs to execute...
Execute 1 jobs...
[Mon Nov 24 16:05:06 2025]
localrule create_network:
    input: results/gene_wise/adjacency/FBgn0031081_1stquin_st_adjacency.csv, results/gene_wise/adjacency/FBgn0031081_5thquin_st_adjacency.csv
    output: results/gene_wise/modules/FBgn0031081_1stquin_tom.csv, results/gene_wise/modules/FBgn0031081_5thquin_tom.csv
    jobid: 7
    reason: Missing output files: results/gene_wise/modules/FBgn0031081_5thquin_tom.csv, results/gene_wise/modules/FBgn0031081_1stquin_tom.csv; Input files updated by another job: results/gene_wise/adjacency/FBgn0031081_5thquin_st_adjacency.csv, results/gene_wise/adjacency/FBgn0031081_1stquin_st_adjacency.csv
    wildcards: gene=FBgn0031081
    resources: tmpdir=/tmp
Waiting at most 5 seconds for missing files:
results/gene_wise/modules/FBgn0031080_1stquin_tom.csv (missing locally)
results/gene_wise/modules/FBgn0031080_5thquin_tom.csv (missing locally)
MissingOutputException in rule create_network in file "/tmp/global2/gthornes/dronetanalysis/src/pipelines/Snakemake_template", line 138:
Job 8  completed successfully, but some output files are missing. Missing files after 5 seconds. This might be due to filesystem latency. If that is the case, consider to increase the wait time with --latency-wait:
results/gene_wise/modules/FBgn0031080_1stquin_tom.csv (missing locally, parent dir contents: FBgn0031081_1stquin_st_adjacency_adjacency_threshold_analysis.pdf, FBgn0031080_1stquin_st_adjacency_adjacency_threshold_analysis.pdf, FBgn0031080_1stquin_st_adjacency_network_metrics_summary.csv, FBgn0031081_1stquin_st_adjacency_network_metrics_summary.csv, gene_dendrogram_modules.pdf, module_eigengene_clustering.pdf, single_hub_genes.csv, top_hub_genes.csv, gene_connectivity.csv, module_membership.csv, module_summary.csv, FBgn0031080_1stquin_st_adjacency_tom.csv, FBgn0031080_1stquin_st_adjacency_tomd_matrix.csv, FBgn0031081_1stquin_st_adjacency_tom.csv, FBgn0031081_1stquin_st_adjacency_tomd_matrix.csv, FBgn0031080_5thquin_st_adjacency_adjacency_threshold_analysis.pdf, FBgn0031080_5thquin_st_adjacency_network_metrics_summary.csv, FBgn0031081_5thquin_st_adjacency_adjacency_threshold_analysis.pdf, FBgn0031081_5thquin_st_adjacency_network_metrics_summary.csv, FBgn0031080_5thquin_st_adjacency_tom.csv, FBgn0031080_5thquin_st_adjacency_tomd_matrix.csv)
results/gene_wise/modules/FBgn0031080_5thquin_tom.csv (missing locally, parent dir contents: FBgn0031081_1stquin_st_adjacency_adjacency_threshold_analysis.pdf, FBgn0031080_1stquin_st_adjacency_adjacency_threshold_analysis.pdf, FBgn0031080_1stquin_st_adjacency_network_metrics_summary.csv, FBgn0031081_1stquin_st_adjacency_network_metrics_summary.csv, gene_dendrogram_modules.pdf, module_eigengene_clustering.pdf, single_hub_genes.csv, top_hub_genes.csv, gene_connectivity.csv, module_membership.csv, module_summary.csv, FBgn0031080_1stquin_st_adjacency_tom.csv, FBgn0031080_1stquin_st_adjacency_tomd_matrix.csv, FBgn0031081_1stquin_st_adjacency_tom.csv, FBgn0031081_1stquin_st_adjacency_tomd_matrix.csv, FBgn0031080_5thquin_st_adjacency_adjacency_threshold_analysis.pdf, FBgn0031080_5thquin_st_adjacency_network_metrics_summary.csv, FBgn0031081_5thquin_st_adjacency_adjacency_threshold_analysis.pdf, FBgn0031081_5thquin_st_adjacency_network_metrics_summary.csv, FBgn0031080_5thquin_st_adjacency_tom.csv, FBgn0031080_5thquin_st_adjacency_tomd_matrix.csv)
Terminating processes on user request, this might take some time.
