Assuming unrestricted shared filesystem usage.
host: chimi
Building DAG of jobs...
Using shell: /usr/bin/bash
Provided cores: 10
Rules claiming more threads will be scaled down.
Job stats:
job                 count
----------------  -------
adjacency_matrix        2
all                     1
create_network          2
total                   5

Select jobs to execute...
Failed to solve scheduling problem with ILP solver, falling back to greedy scheduler. You likely have to fix your ILP solver installation. Error message: PULP_CBC_CMD: Not Available (check permissions on cbc)
Execute 2 jobs...
[Mon Nov 24 12:04:57 2025]
localrule adjacency_matrix:
    input: results/gene_wise/spearman/FBgn0031080_1stquin_spearman.csv, results/gene_wise/spearman/FBgn0031080_5thquin_spearman.csv
    output: results/gene_wise/adjacency/FBgn0031080/FBgn0031080_1stquin_st_adjacency.csv, results/gene_wise/adjacency/FBgn0031080/FBgn0031080_5thquin_st_adjacency.csv
    jobid: 6
    reason: Missing output files: results/gene_wise/adjacency/FBgn0031080/FBgn0031080_1stquin_st_adjacency.csv, results/gene_wise/adjacency/FBgn0031080/FBgn0031080_5thquin_st_adjacency.csv
    wildcards: gene=FBgn0031080
    resources: tmpdir=/tmp
[Mon Nov 24 12:04:57 2025]
localrule adjacency_matrix:
    input: results/gene_wise/spearman/FBgn0031081_1stquin_spearman.csv, results/gene_wise/spearman/FBgn0031081_5thquin_spearman.csv
    output: results/gene_wise/adjacency/FBgn0031081/FBgn0031081_1stquin_st_adjacency.csv, results/gene_wise/adjacency/FBgn0031081/FBgn0031081_5thquin_st_adjacency.csv
    jobid: 5
    reason: Missing output files: results/gene_wise/adjacency/FBgn0031081/FBgn0031081_5thquin_st_adjacency.csv, results/gene_wise/adjacency/FBgn0031081/FBgn0031081_1stquin_st_adjacency.csv
    wildcards: gene=FBgn0031081
    resources: tmpdir=/tmp
Waiting at most 5 seconds for missing files:
results/gene_wise/adjacency/FBgn0031081/FBgn0031081_1stquin_st_adjacency.csv (missing locally)
results/gene_wise/adjacency/FBgn0031081/FBgn0031081_5thquin_st_adjacency.csv (missing locally)
MissingOutputException in rule adjacency_matrix in file "/tmp/global2/gthornes/dronetanalysis/src/pipelines/Snakemake_template", line 116:
Job 5  completed successfully, but some output files are missing. Missing files after 5 seconds. This might be due to filesystem latency. If that is the case, consider to increase the wait time with --latency-wait:
results/gene_wise/adjacency/FBgn0031081/FBgn0031081_1stquin_st_adjacency.csv (missing locally, parent dir contents: FBgn0031081_1stquin_binary_signed_matrix.csv, FBgn0031081_1stquin_unsigned_adjacency_matrix.csv, FBgn0031081_1stquin_soft_threshold_fit_indices.csv, FBgn0031081_1stquin_soft_thresholding_diagnostics.pdf, FBgn0031081_1stquin_selected_soft_power.txt, FBgn0031081_1stquin_sf_adjacency.csv, FBgn0031081_5thquin_binary_signed_matrix.csv, FBgn0031081_5thquin_unsigned_adjacency_matrix.csv, FBgn0031081_5thquin_soft_threshold_fit_indices.csv, FBgn0031081_5thquin_soft_thresholding_diagnostics.pdf, FBgn0031081_5thquin_selected_soft_power.txt, FBgn0031081_5thquin_sf_adjacency.csv)
results/gene_wise/adjacency/FBgn0031081/FBgn0031081_5thquin_st_adjacency.csv (missing locally, parent dir contents: FBgn0031081_1stquin_binary_signed_matrix.csv, FBgn0031081_1stquin_unsigned_adjacency_matrix.csv, FBgn0031081_1stquin_soft_threshold_fit_indices.csv, FBgn0031081_1stquin_soft_thresholding_diagnostics.pdf, FBgn0031081_1stquin_selected_soft_power.txt, FBgn0031081_1stquin_sf_adjacency.csv, FBgn0031081_5thquin_binary_signed_matrix.csv, FBgn0031081_5thquin_unsigned_adjacency_matrix.csv, FBgn0031081_5thquin_soft_threshold_fit_indices.csv, FBgn0031081_5thquin_soft_thresholding_diagnostics.pdf, FBgn0031081_5thquin_selected_soft_power.txt, FBgn0031081_5thquin_sf_adjacency.csv)
Waiting at most 5 seconds for missing files:
results/gene_wise/adjacency/FBgn0031080/FBgn0031080_1stquin_st_adjacency.csv (missing locally)
results/gene_wise/adjacency/FBgn0031080/FBgn0031080_5thquin_st_adjacency.csv (missing locally)
MissingOutputException in rule adjacency_matrix in file "/tmp/global2/gthornes/dronetanalysis/src/pipelines/Snakemake_template", line 116:
Job 6  completed successfully, but some output files are missing. Missing files after 5 seconds. This might be due to filesystem latency. If that is the case, consider to increase the wait time with --latency-wait:
results/gene_wise/adjacency/FBgn0031080/FBgn0031080_1stquin_st_adjacency.csv (missing locally, parent dir contents: FBgn0031080_1stquin_binary_signed_matrix.csv, FBgn0031080_1stquin_unsigned_adjacency_matrix.csv, FBgn0031080_1stquin_soft_threshold_fit_indices.csv, FBgn0031080_1stquin_soft_thresholding_diagnostics.pdf, FBgn0031080_1stquin_selected_soft_power.txt, FBgn0031080_1stquin_sf_adjacency.csv, FBgn0031080_5thquin_binary_signed_matrix.csv, FBgn0031080_5thquin_unsigned_adjacency_matrix.csv, FBgn0031080_5thquin_soft_threshold_fit_indices.csv, FBgn0031080_5thquin_soft_thresholding_diagnostics.pdf, FBgn0031080_5thquin_selected_soft_power.txt, FBgn0031080_5thquin_sf_adjacency.csv)
results/gene_wise/adjacency/FBgn0031080/FBgn0031080_5thquin_st_adjacency.csv (missing locally, parent dir contents: FBgn0031080_1stquin_binary_signed_matrix.csv, FBgn0031080_1stquin_unsigned_adjacency_matrix.csv, FBgn0031080_1stquin_soft_threshold_fit_indices.csv, FBgn0031080_1stquin_soft_thresholding_diagnostics.pdf, FBgn0031080_1stquin_selected_soft_power.txt, FBgn0031080_1stquin_sf_adjacency.csv, FBgn0031080_5thquin_binary_signed_matrix.csv, FBgn0031080_5thquin_unsigned_adjacency_matrix.csv, FBgn0031080_5thquin_soft_threshold_fit_indices.csv, FBgn0031080_5thquin_soft_thresholding_diagnostics.pdf, FBgn0031080_5thquin_selected_soft_power.txt, FBgn0031080_5thquin_sf_adjacency.csv)
Shutting down, this might take some time.
Exiting because a job execution failed. Look below for error messages
[Mon Nov 24 12:15:23 2025]
Error in rule adjacency_matrix:
    message: None
    jobid: 6
    input: results/gene_wise/spearman/FBgn0031080_1stquin_spearman.csv, results/gene_wise/spearman/FBgn0031080_5thquin_spearman.csv
    output: results/gene_wise/adjacency/FBgn0031080/FBgn0031080_1stquin_st_adjacency.csv, results/gene_wise/adjacency/FBgn0031080/FBgn0031080_5thquin_st_adjacency.csv
    shell:
        
        Rscript src/scripts/soft_threshold/adjacency_matrix.R             --input results/gene_wise/spearman/FBgn0031080_1stquin_spearman.csv             --output-dir results/gene_wise/adjacency/FBgn0031080 &&         Rscript src/scripts/soft_threshold/adjacency_matrix.R             --input results/gene_wise/spearman/FBgn0031080_5thquin_spearman.csv             --output-dir results/gene_wise/adjacency/FBgn0031080         
        (command exited with non-zero exit code)
[Mon Nov 24 12:15:23 2025]
Error in rule adjacency_matrix:
    message: None
    jobid: 5
    input: results/gene_wise/spearman/FBgn0031081_1stquin_spearman.csv, results/gene_wise/spearman/FBgn0031081_5thquin_spearman.csv
    output: results/gene_wise/adjacency/FBgn0031081/FBgn0031081_1stquin_st_adjacency.csv, results/gene_wise/adjacency/FBgn0031081/FBgn0031081_5thquin_st_adjacency.csv
    shell:
        
        Rscript src/scripts/soft_threshold/adjacency_matrix.R             --input results/gene_wise/spearman/FBgn0031081_1stquin_spearman.csv             --output-dir results/gene_wise/adjacency/FBgn0031081 &&         Rscript src/scripts/soft_threshold/adjacency_matrix.R             --input results/gene_wise/spearman/FBgn0031081_5thquin_spearman.csv             --output-dir results/gene_wise/adjacency/FBgn0031081         
        (command exited with non-zero exit code)
Complete log(s): /tmp/global2/gthornes/dronetanalysis/.snakemake/log/2025-11-24T120457.219647.snakemake.log
WorkflowError:
At least one job did not complete successfully.
